schedule updated at Sun Apr 21 01:36:09 EDT 2013
schedule updated at Sun Apr 21 02:00:07 EDT 2013
schedule updated at Sun Apr 21 03:00:10 EDT 2013
schedule updated at Sun Apr 21 04:00:09 EDT 2013
schedule updated at Sun Apr 21 05:00:08 EDT 2013
schedule updated at Sun Apr 21 06:00:09 EDT 2013
schedule updated at Sun Apr 21 07:00:07 EDT 2013
schedule updated at Sun Apr 21 08:00:09 EDT 2013
schedule updated at Sun Apr 21 08:09:22 EDT 2013
schedule updated at Sun Apr 21 09:00:07 EDT 2013
schedule updated at Sun Apr 21 10:00:08 EDT 2013
schedule updated at Sun Apr 21 11:00:07 EDT 2013
schedule updated at Sun Apr 21 12:00:07 EDT 2013
schedule updated at Sun Apr 21 13:00:09 EDT 2013
schedule updated at Sun Apr 21 14:00:08 EDT 2013
schedule updated at Sun Apr 21 15:00:07 EDT 2013
schedule updated at Sun Apr 21 16:00:07 EDT 2013
schedule updated at Sun Apr 21 17:00:10 EDT 2013
schedule updated at Sun Apr 21 18:00:08 EDT 2013
schedule updated at Sun Apr 21 19:00:08 EDT 2013
schedule updated at Sun Apr 21 19:10:21 EDT 2013
schedule updated at Sun Apr 21 20:00:10 EDT 2013
schedule updated at Sun Apr 21 20:21:49 EDT 2013
schedule updated at Sun Apr 21 21:00:11 EDT 2013
schedule updated at Sun Apr 21 21:26:12 EDT 2013
schedule updated at Sun Apr 21 22:00:10 EDT 2013
schedule updated at Sun Apr 21 23:00:08 EDT 2013
schedule updated at Mon Apr 22 00:00:11 EDT 2013
schedule updated at Mon Apr 22 01:00:10 EDT 2013
schedule updated at Mon Apr 22 02:00:08 EDT 2013
schedule updated at Tue Apr 23 02:00:08 EDT 2013
schedule updated at Tue Apr 23 22:00:12 EDT 2013
schedule updated at Tue Apr 23 23:00:28 EDT 2013
schedule updated at Wed Apr 24 00:00:08 EDT 2013
schedule updated at Wed Apr 24 01:00:08 EDT 2013
schedule updated at Wed Apr 24 02:00:08 EDT 2013
schedule updated at Wed Apr 24 03:00:08 EDT 2013
schedule updated at Wed Apr 24 04:00:08 EDT 2013
schedule updated at Wed Apr 24 05:00:08 EDT 2013
schedule updated at Wed Apr 24 06:00:08 EDT 2013
schedule updated at Wed Apr 24 07:00:07 EDT 2013
schedule updated at Wed Apr 24 08:00:07 EDT 2013
schedule updated at Wed Apr 24 09:00:09 EDT 2013
schedule updated at Wed Apr 24 10:00:08 EDT 2013
schedule updated at Wed Apr 24 11:00:09 EDT 2013
schedule updated at Wed Apr 24 12:00:13 EDT 2013
schedule updated at Wed Apr 24 13:00:08 EDT 2013
schedule updated at Wed Apr 24 14:00:06 EDT 2013
schedule updated at Wed Apr 24 15:00:23 EDT 2013
schedule updated at Wed Apr 24 16:00:09 EDT 2013
schedule updated at Wed Apr 24 17:00:09 EDT 2013
schedule updated at Wed Apr 24 18:00:06 EDT 2013
schedule updated at Wed Apr 24 19:00:07 EDT 2013
schedule updated at Wed Apr 24 20:00:07 EDT 2013
schedule updated at Wed Apr 24 21:00:09 EDT 2013
schedule updated at Wed Apr 24 22:00:08 EDT 2013
schedule updated at Wed Apr 24 23:00:08 EDT 2013
schedule updated at Thu Apr 25 00:00:09 EDT 2013
schedule updated at Thu Apr 25 01:00:09 EDT 2013
schedule updated at Thu Apr 25 02:00:09 EDT 2013
schedule updated at Thu Apr 25 03:00:07 EDT 2013
schedule updated at Thu Apr 25 04:00:08 EDT 2013
schedule updated at Mon Apr 29 22:00:11 EDT 2013
schedule updated at Tue Apr 30 00:00:13 EDT 2013
schedule updated at Tue Apr 30 01:00:10 EDT 2013
schedule updated at Tue Apr 30 02:00:08 EDT 2013
schedule updated at Tue Apr 30 03:00:07 EDT 2013
schedule updated at Tue Apr 30 04:00:08 EDT 2013
schedule updated at Tue Apr 30 05:00:06 EDT 2013
schedule updated at Tue Apr 30 06:00:05 EDT 2013
schedule updated at Tue Apr 30 07:00:06 EDT 2013
schedule updated at Tue Apr 30 08:00:06 EDT 2013
